<?xml version="1.0" encoding="UTF-8"?>
<!-- Generated by org.testng.reporters.JUnitXMLReporter -->
<testsuite hostname="DESKTOP-8S20KRB" name="Default test" tests="4" failures="0" timestamp="5 May 2019 13:58:15 GMT" time="78.545" errors="0">
  <testcase name="validateValidLoginTest" time="3.497" classname="com.guru99bank.qa.testcases.LoginPageTest"/>
  <testcase name="validateValidLoginTest" time="0.937" classname="com.guru99bank.qa.testcases.LoginPageTest"/>
  <testcase name="validateValidLoginTest" time="1.03" classname="com.guru99bank.qa.testcases.LoginPageTest"/>
  <testcase name="validateValidLoginTest" time="0.988" classname="com.guru99bank.qa.testcases.LoginPageTest"/>
</testsuite> <!-- Default test -->
