<?xml version="1.0" encoding="UTF-8"?>
<testng-results skipped="0" failed="0" total="4" passed="4">
  <reporter-output>
  </reporter-output>
  <suite name="Default suite" duration-ms="78545" started-at="2019-05-05T13:56:56Z" finished-at="2019-05-05T13:58:15Z">
    <groups>
    </groups>
    <test name="Default test" duration-ms="78545" started-at="2019-05-05T13:56:56Z" finished-at="2019-05-05T13:58:15Z">
      <class name="com.guru99bank.qa.testcases.LoginPageTest">
        <test-method status="PASS" signature="setUp()[pri:0, instance:com.guru99bank.qa.testcases.LoginPageTest@cb5822]" name="setUp" is-config="true" duration-ms="16650" started-at="2019-05-05T19:26:58Z" finished-at="2019-05-05T19:27:15Z">
          <reporter-output>
          </reporter-output>
        </test-method> <!-- setUp -->
        <test-method status="PASS" signature="validateValidLoginTest(java.lang.String, java.lang.String)[pri:0, instance:com.guru99bank.qa.testcases.LoginPageTest@cb5822]" name="validateValidLoginTest" duration-ms="3497" started-at="2019-05-05T19:27:15Z" data-provider="getLoginTestData" finished-at="2019-05-05T19:27:18Z">
          <params>
            <param index="0">
              <value>
                <![CDATA[mngr192003]]>
              </value>
            </param>
            <param index="1">
              <value>
                <![CDATA[tyjEzyb]]>
              </value>
            </param>
          </params>
          <reporter-output>
          </reporter-output>
        </test-method> <!-- validateValidLoginTest -->
        <test-method status="PASS" signature="teardown()[pri:0, instance:com.guru99bank.qa.testcases.LoginPageTest@cb5822]" name="teardown" is-config="true" duration-ms="2232" started-at="2019-05-05T19:27:18Z" finished-at="2019-05-05T19:27:20Z">
          <reporter-output>
          </reporter-output>
        </test-method> <!-- teardown -->
        <test-method status="PASS" signature="setUp()[pri:0, instance:com.guru99bank.qa.testcases.LoginPageTest@cb5822]" name="setUp" is-config="true" duration-ms="15334" started-at="2019-05-05T19:27:20Z" finished-at="2019-05-05T19:27:36Z">
          <reporter-output>
          </reporter-output>
        </test-method> <!-- setUp -->
        <test-method status="PASS" signature="validateValidLoginTest(java.lang.String, java.lang.String)[pri:0, instance:com.guru99bank.qa.testcases.LoginPageTest@cb5822]" name="validateValidLoginTest" duration-ms="937" started-at="2019-05-05T19:27:36Z" data-provider="getLoginTestData" finished-at="2019-05-05T19:27:37Z">
          <params>
            <param index="0">
              <value>
                <![CDATA[invalid]]>
              </value>
            </param>
            <param index="1">
              <value>
                <![CDATA[valid]]>
              </value>
            </param>
          </params>
          <reporter-output>
          </reporter-output>
        </test-method> <!-- validateValidLoginTest -->
        <test-method status="PASS" signature="teardown()[pri:0, instance:com.guru99bank.qa.testcases.LoginPageTest@cb5822]" name="teardown" is-config="true" duration-ms="2169" started-at="2019-05-05T19:27:37Z" finished-at="2019-05-05T19:27:39Z">
          <reporter-output>
          </reporter-output>
        </test-method> <!-- teardown -->
        <test-method status="PASS" signature="setUp()[pri:0, instance:com.guru99bank.qa.testcases.LoginPageTest@cb5822]" name="setUp" is-config="true" duration-ms="15124" started-at="2019-05-05T19:27:39Z" finished-at="2019-05-05T19:27:54Z">
          <reporter-output>
          </reporter-output>
        </test-method> <!-- setUp -->
        <test-method status="PASS" signature="validateValidLoginTest(java.lang.String, java.lang.String)[pri:0, instance:com.guru99bank.qa.testcases.LoginPageTest@cb5822]" name="validateValidLoginTest" duration-ms="1030" started-at="2019-05-05T19:27:54Z" data-provider="getLoginTestData" finished-at="2019-05-05T19:27:55Z">
          <params>
            <param index="0">
              <value>
                <![CDATA[valid]]>
              </value>
            </param>
            <param index="1">
              <value>
                <![CDATA[invalid]]>
              </value>
            </param>
          </params>
          <reporter-output>
          </reporter-output>
        </test-method> <!-- validateValidLoginTest -->
        <test-method status="PASS" signature="teardown()[pri:0, instance:com.guru99bank.qa.testcases.LoginPageTest@cb5822]" name="teardown" is-config="true" duration-ms="2022" started-at="2019-05-05T19:27:55Z" finished-at="2019-05-05T19:27:57Z">
          <reporter-output>
          </reporter-output>
        </test-method> <!-- teardown -->
        <test-method status="PASS" signature="setUp()[pri:0, instance:com.guru99bank.qa.testcases.LoginPageTest@cb5822]" name="setUp" is-config="true" duration-ms="15031" started-at="2019-05-05T19:27:57Z" finished-at="2019-05-05T19:28:12Z">
          <reporter-output>
          </reporter-output>
        </test-method> <!-- setUp -->
        <test-method status="PASS" signature="validateValidLoginTest(java.lang.String, java.lang.String)[pri:0, instance:com.guru99bank.qa.testcases.LoginPageTest@cb5822]" name="validateValidLoginTest" duration-ms="988" started-at="2019-05-05T19:28:12Z" data-provider="getLoginTestData" finished-at="2019-05-05T19:28:13Z">
          <params>
            <param index="0">
              <value>
                <![CDATA[invalid]]>
              </value>
            </param>
            <param index="1">
              <value>
                <![CDATA[invalid]]>
              </value>
            </param>
          </params>
          <reporter-output>
          </reporter-output>
        </test-method> <!-- validateValidLoginTest -->
        <test-method status="PASS" signature="teardown()[pri:0, instance:com.guru99bank.qa.testcases.LoginPageTest@cb5822]" name="teardown" is-config="true" duration-ms="1937" started-at="2019-05-05T19:28:13Z" finished-at="2019-05-05T19:28:15Z">
          <reporter-output>
          </reporter-output>
        </test-method> <!-- teardown -->
      </class> <!-- com.guru99bank.qa.testcases.LoginPageTest -->
    </test> <!-- Default test -->
  </suite> <!-- Default suite -->
</testng-results>
